SF:lib/src/data/local/prefs/base_preferences.dart
DA:4,0
DA:5,0
DA:8,0
DA:9,0
DA:10,0
DA:12,0
DA:13,0
DA:15,0
DA:16,0
DA:18,0
DA:19,0
DA:21,0
DA:22,0
DA:30,0
DA:31,0
DA:32,0
DA:33,0
DA:34,0
DA:35,0
DA:36,0
DA:37,0
DA:38,0
DA:39,0
DA:40,0
DA:41,0
DA:42,0
DA:46,0
DA:47,0
DA:48,0
DA:51,0
DA:52,0
DA:53,0
DA:56,0
DA:57,0
DA:58,0
LF:35
LH:0
end_of_record
SF:lib/src/data/remote/base/map_common_server_error.dart
DA:6,0
DA:11,0
DA:12,0
DA:14,0
DA:16,0
DA:17,0
DA:18,0
DA:21,0
DA:31,0
DA:32,0
DA:33,0
DA:35,0
DA:39,0
LF:13
LH:0
end_of_record
SF:lib/src/data/remote/dio/api_client.dart
DA:19,0
DA:21,0
DA:25,0
DA:26,0
DA:27,0
DA:28,0
DA:31,0
DA:34,0
DA:35,0
DA:45,0
DA:47,0
DA:48,0
DA:49,0
DA:51,0
DA:52,0
DA:56,0
DA:58,0
DA:59,0
DA:62,0
DA:64,0
DA:65,0
DA:66,0
DA:70,0
DA:72,0
DA:73,0
DA:74,0
DA:75,0
DA:78,0
DA:85,0
DA:86,0
DA:89,0
DA:90,0
DA:91,0
DA:94,0
DA:95,0
DA:97,0
DA:98,0
DA:99,0
LF:38
LH:0
end_of_record
SF:lib/src/data/remote/dio/dio_client_module.dart
DA:13,0
DA:14,0
DA:15,0
DA:16,0
DA:17,0
DA:18,0
DA:19,0
DA:20,0
DA:27,0
DA:28,0
DA:29,0
DA:30,0
DA:31,0
DA:32,0
LF:14
LH:0
end_of_record
SF:lib/src/data/remote/dio/dio_request_processor/dio_request_processor_impl.dart
DA:32,1
DA:39,1
DA:46,1
DA:48,2
DA:51,1
DA:56,1
DA:57,2
DA:58,1
DA:59,2
DA:63,2
DA:69,1
DA:70,1
DA:71,1
DA:73,1
DA:77,1
DA:78,1
DA:79,0
DA:81,0
DA:82,0
DA:84,0
DA:88,1
DA:92,0
DA:96,0
DA:97,0
DA:98,0
DA:102,0
DA:105,0
LF:27
LH:17
end_of_record
SF:lib/src/data/remote/dio/interceptor/cache_interceptor.dart
DA:9,0
LF:1
LH:0
end_of_record
SF:lib/src/data/remote/dio/params/api_client_params.dart
DA:10,0
LF:1
LH:0
end_of_record
SF:lib/src/domain/common/converter/mapper.dart
DA:7,0
DA:8,0
LF:2
LH:0
end_of_record
SF:lib/src/domain/entity/common/data_response.dart
DA:7,0
DA:9,3
DA:31,0
DA:33,2
LF:4
LH:2
end_of_record
SF:lib/src/domain/entity/common/result.dart
DA:8,0
DA:10,0
DA:13,0
DA:16,0
DA:18,0
LF:5
LH:0
end_of_record
SF:lib/src/data/remote/connection_checker/connectivity_checker_impl.dart
DA:10,0
DA:16,0
DA:18,0
DA:19,0
DA:20,0
LF:5
LH:0
end_of_record
SF:lib/src/data/remote/connection_checker/connectivity_ext.dart
DA:4,0
DA:6,0
DA:8,0
LF:3
LH:0
end_of_record
SF:lib/src/data/remote/error/dio_error_processor.dart
DA:10,1
DA:12,1
DA:16,3
DA:17,2
DA:18,2
DA:19,1
DA:20,1
DA:22,1
DA:23,1
DA:25,1
DA:26,1
DA:32,2
DA:33,1
DA:36,1
LF:14
LH:14
end_of_record
